<?xml version="1.0" encoding="UTF-8"?>
<testsuite name="fr.univ_amu.fr.TestApp" tests="15" skipped="0" failures="4" errors="0" timestamp="2022-11-25T09:14:32" hostname="Smic.local" time="0.035">
  <properties/>
  <testcase name="testPaquetRareteCommun()" classname="fr.univ_amu.fr.TestApp" time="0.019"/>
  <testcase name="testAjoutPaquetJoueur()" classname="fr.univ_amu.fr.TestApp" time="0.002"/>
  <testcase name="testTriePaquetJoueur()" classname="fr.univ_amu.fr.TestApp" time="0.001"/>
  <testcase name="testPaquetRareteLegendaire()" classname="fr.univ_amu.fr.TestApp" time="0.001">
    <failure message="org.opentest4j.AssertionFailedError: expected: &lt;[Assassin{rarete=LEGENDAIRE, nom=Fred, pointsAttaque=2, pointsDefense=30, pointsVie=50}, Assassin{rarete=LEGENDAIRE, nom=Moha, pointsAttaque=2, pointsDefense=30, pointsVie=40}]&gt; but was: &lt;[Assassin{rarete=LEGENDAIRE, nom=Simon, pointsAttaque=2, pointsDefense=30, pointsVie=100}, Yordle{rarete=LEGENDAIRE, nom=Fred, pointsAttaque=2, pointsDefense=30, pointsVie=50}, Assassin{rarete=LEGENDAIRE, nom=Simon, pointsAttaque=2, pointsDefense=30, pointsVie=100}, Yordle{rarete=LEGENDAIRE, nom=Fred, pointsAttaque=2, pointsDefense=30, pointsVie=50}, Assassin{rarete=LEGENDAIRE, nom=Fred, pointsAttaque=2, pointsDefense=30, pointsVie=50}, Assassin{rarete=LEGENDAIRE, nom=Moha, pointsAttaque=2, pointsDefense=30, pointsVie=40}]&gt;" type="org.opentest4j.AssertionFailedError">org.opentest4j.AssertionFailedError: expected: &lt;[Assassin{rarete=LEGENDAIRE, nom=Fred, pointsAttaque=2, pointsDefense=30, pointsVie=50}, Assassin{rarete=LEGENDAIRE, nom=Moha, pointsAttaque=2, pointsDefense=30, pointsVie=40}]&gt; but was: &lt;[Assassin{rarete=LEGENDAIRE, nom=Simon, pointsAttaque=2, pointsDefense=30, pointsVie=100}, Yordle{rarete=LEGENDAIRE, nom=Fred, pointsAttaque=2, pointsDefense=30, pointsVie=50}, Assassin{rarete=LEGENDAIRE, nom=Simon, pointsAttaque=2, pointsDefense=30, pointsVie=100}, Yordle{rarete=LEGENDAIRE, nom=Fred, pointsAttaque=2, pointsDefense=30, pointsVie=50}, Assassin{rarete=LEGENDAIRE, nom=Fred, pointsAttaque=2, pointsDefense=30, pointsVie=50}, Assassin{rarete=LEGENDAIRE, nom=Moha, pointsAttaque=2, pointsDefense=30, pointsVie=40}]&gt;
	at app//org.junit.jupiter.api.AssertionUtils.fail(AssertionUtils.java:55)
	at app//org.junit.jupiter.api.AssertionUtils.failNotEqual(AssertionUtils.java:62)
	at app//org.junit.jupiter.api.AssertEquals.assertEquals(AssertEquals.java:182)
	at app//org.junit.jupiter.api.AssertEquals.assertEquals(AssertEquals.java:177)
	at app//org.junit.jupiter.api.Assertions.assertEquals(Assertions.java:1141)
	at app//fr.univ_amu.fr.TestApp.testPaquetRareteLegendaire(TestApp.java:97)
	at java.base@17.0.5/jdk.internal.reflect.NativeMethodAccessorImpl.invoke0(Native Method)
	at java.base@17.0.5/jdk.internal.reflect.NativeMethodAccessorImpl.invoke(NativeMethodAccessorImpl.java:77)
	at java.base@17.0.5/jdk.internal.reflect.DelegatingMethodAccessorImpl.invoke(DelegatingMethodAccessorImpl.java:43)
	at java.base@17.0.5/java.lang.reflect.Method.invoke(Method.java:568)
	at app//org.junit.platform.commons.util.ReflectionUtils.invokeMethod(ReflectionUtils.java:725)
	at app//org.junit.jupiter.engine.execution.MethodInvocation.proceed(MethodInvocation.java:60)
	at app//org.junit.jupiter.engine.execution.InvocationInterceptorChain$ValidatingInvocation.proceed(InvocationInterceptorChain.java:131)
	at app//org.junit.jupiter.engine.extension.TimeoutExtension.intercept(TimeoutExtension.java:149)
	at app//org.junit.jupiter.engine.extension.TimeoutExtension.interceptTestableMethod(TimeoutExtension.java:140)
	at app//org.junit.jupiter.engine.extension.TimeoutExtension.interceptTestMethod(TimeoutExtension.java:84)
	at app//org.junit.jupiter.engine.execution.ExecutableInvoker$ReflectiveInterceptorCall.lambda$ofVoidMethod$0(ExecutableInvoker.java:115)
	at app//org.junit.jupiter.engine.execution.ExecutableInvoker.lambda$invoke$0(ExecutableInvoker.java:105)
	at app//org.junit.jupiter.engine.execution.InvocationInterceptorChain$InterceptedInvocation.proceed(InvocationInterceptorChain.java:106)
	at app//org.junit.jupiter.engine.execution.InvocationInterceptorChain.proceed(InvocationInterceptorChain.java:64)
	at app//org.junit.jupiter.engine.execution.InvocationInterceptorChain.chainAndInvoke(InvocationInterceptorChain.java:45)
	at app//org.junit.jupiter.engine.execution.InvocationInterceptorChain.invoke(InvocationInterceptorChain.java:37)
	at app//org.junit.jupiter.engine.execution.ExecutableInvoker.invoke(ExecutableInvoker.java:104)
	at app//org.junit.jupiter.engine.execution.ExecutableInvoker.invoke(ExecutableInvoker.java:98)
	at app//org.junit.jupiter.engine.descriptor.TestMethodTestDescriptor.lambda$invokeTestMethod$7(TestMethodTestDescriptor.java:214)
	at app//org.junit.platform.engine.support.hierarchical.ThrowableCollector.execute(ThrowableCollector.java:73)
	at app//org.junit.jupiter.engine.descriptor.TestMethodTestDescriptor.invokeTestMethod(TestMethodTestDescriptor.java:210)
	at app//org.junit.jupiter.engine.descriptor.TestMethodTestDescriptor.execute(TestMethodTestDescriptor.java:135)
	at app//org.junit.jupiter.engine.descriptor.TestMethodTestDescriptor.execute(TestMethodTestDescriptor.java:66)
	at app//org.junit.platform.engine.support.hierarchical.NodeTestTask.lambda$executeRecursively$6(NodeTestTask.java:151)
	at app//org.junit.platform.engine.support.hierarchical.ThrowableCollector.execute(ThrowableCollector.java:73)
	at app//org.junit.platform.engine.support.hierarchical.NodeTestTask.lambda$executeRecursively$8(NodeTestTask.java:141)
	at app//org.junit.platform.engine.support.hierarchical.Node.around(Node.java:137)
	at app//org.junit.platform.engine.support.hierarchical.NodeTestTask.lambda$executeRecursively$9(NodeTestTask.java:139)
	at app//org.junit.platform.engine.support.hierarchical.ThrowableCollector.execute(ThrowableCollector.java:73)
	at app//org.junit.platform.engine.support.hierarchical.NodeTestTask.executeRecursively(NodeTestTask.java:138)
	at app//org.junit.platform.engine.support.hierarchical.NodeTestTask.execute(NodeTestTask.java:95)
	at java.base@17.0.5/java.util.ArrayList.forEach(ArrayList.java:1511)
	at app//org.junit.platform.engine.support.hierarchical.SameThreadHierarchicalTestExecutorService.invokeAll(SameThreadHierarchicalTestExecutorService.java:41)
	at app//org.junit.platform.engine.support.hierarchical.NodeTestTask.lambda$executeRecursively$6(NodeTestTask.java:155)
	at app//org.junit.platform.engine.support.hierarchical.ThrowableCollector.execute(ThrowableCollector.java:73)
	at app//org.junit.platform.engine.support.hierarchical.NodeTestTask.lambda$executeRecursively$8(NodeTestTask.java:141)
	at app//org.junit.platform.engine.support.hierarchical.Node.around(Node.java:137)
	at app//org.junit.platform.engine.support.hierarchical.NodeTestTask.lambda$executeRecursively$9(NodeTestTask.java:139)
	at app//org.junit.platform.engine.support.hierarchical.ThrowableCollector.execute(ThrowableCollector.java:73)
	at app//org.junit.platform.engine.support.hierarchical.NodeTestTask.executeRecursively(NodeTestTask.java:138)
	at app//org.junit.platform.engine.support.hierarchical.NodeTestTask.execute(NodeTestTask.java:95)
	at java.base@17.0.5/java.util.ArrayList.forEach(ArrayList.java:1511)
	at app//org.junit.platform.engine.support.hierarchical.SameThreadHierarchicalTestExecutorService.invokeAll(SameThreadHierarchicalTestExecutorService.java:41)
	at app//org.junit.platform.engine.support.hierarchical.NodeTestTask.lambda$executeRecursively$6(NodeTestTask.java:155)
	at app//org.junit.platform.engine.support.hierarchical.ThrowableCollector.execute(ThrowableCollector.java:73)
	at app//org.junit.platform.engine.support.hierarchical.NodeTestTask.lambda$executeRecursively$8(NodeTestTask.java:141)
	at app//org.junit.platform.engine.support.hierarchical.Node.around(Node.java:137)
	at app//org.junit.platform.engine.support.hierarchical.NodeTestTask.lambda$executeRecursively$9(NodeTestTask.java:139)
	at app//org.junit.platform.engine.support.hierarchical.ThrowableCollector.execute(ThrowableCollector.java:73)
	at app//org.junit.platform.engine.support.hierarchical.NodeTestTask.executeRecursively(NodeTestTask.java:138)
	at app//org.junit.platform.engine.support.hierarchical.NodeTestTask.execute(NodeTestTask.java:95)
	at app//org.junit.platform.engine.support.hierarchical.SameThreadHierarchicalTestExecutorService.submit(SameThreadHierarchicalTestExecutorService.java:35)
	at app//org.junit.platform.engine.support.hierarchical.HierarchicalTestExecutor.execute(HierarchicalTestExecutor.java:57)
	at app//org.junit.platform.engine.support.hierarchical.HierarchicalTestEngine.execute(HierarchicalTestEngine.java:54)
	at org.junit.platform.launcher.core.EngineExecutionOrchestrator.execute(EngineExecutionOrchestrator.java:108)
	at org.junit.platform.launcher.core.EngineExecutionOrchestrator.execute(EngineExecutionOrchestrator.java:88)
	at org.junit.platform.launcher.core.EngineExecutionOrchestrator.lambda$execute$0(EngineExecutionOrchestrator.java:54)
	at org.junit.platform.launcher.core.EngineExecutionOrchestrator.withInterceptedStreams(EngineExecutionOrchestrator.java:67)
	at org.junit.platform.launcher.core.EngineExecutionOrchestrator.execute(EngineExecutionOrchestrator.java:52)
	at org.junit.platform.launcher.core.DefaultLauncher.execute(DefaultLauncher.java:96)
	at org.junit.platform.launcher.core.DefaultLauncher.execute(DefaultLauncher.java:75)
	at org.gradle.api.internal.tasks.testing.junitplatform.JUnitPlatformTestClassProcessor$CollectAllTestClassesExecutor.processAllTestClasses(JUnitPlatformTestClassProcessor.java:99)
	at org.gradle.api.internal.tasks.testing.junitplatform.JUnitPlatformTestClassProcessor$CollectAllTestClassesExecutor.access$000(JUnitPlatformTestClassProcessor.java:79)
	at org.gradle.api.internal.tasks.testing.junitplatform.JUnitPlatformTestClassProcessor.stop(JUnitPlatformTestClassProcessor.java:75)
	at org.gradle.api.internal.tasks.testing.SuiteTestClassProcessor.stop(SuiteTestClassProcessor.java:61)
	at java.base@17.0.5/jdk.internal.reflect.NativeMethodAccessorImpl.invoke0(Native Method)
	at java.base@17.0.5/jdk.internal.reflect.NativeMethodAccessorImpl.invoke(NativeMethodAccessorImpl.java:77)
	at java.base@17.0.5/jdk.internal.reflect.DelegatingMethodAccessorImpl.invoke(DelegatingMethodAccessorImpl.java:43)
	at java.base@17.0.5/java.lang.reflect.Method.invoke(Method.java:568)
	at org.gradle.internal.dispatch.ReflectionDispatch.dispatch(ReflectionDispatch.java:36)
	at org.gradle.internal.dispatch.ReflectionDispatch.dispatch(ReflectionDispatch.java:24)
	at org.gradle.internal.dispatch.ContextClassLoaderDispatch.dispatch(ContextClassLoaderDispatch.java:33)
	at org.gradle.internal.dispatch.ProxyDispatchAdapter$DispatchingInvocationHandler.invoke(ProxyDispatchAdapter.java:94)
	at jdk.proxy1/jdk.proxy1.$Proxy2.stop(Unknown Source)
	at org.gradle.api.internal.tasks.testing.worker.TestWorker$3.run(TestWorker.java:193)
	at org.gradle.api.internal.tasks.testing.worker.TestWorker.executeAndMaintainThreadName(TestWorker.java:129)
	at org.gradle.api.internal.tasks.testing.worker.TestWorker.execute(TestWorker.java:100)
	at org.gradle.api.internal.tasks.testing.worker.TestWorker.execute(TestWorker.java:60)
	at org.gradle.process.internal.worker.child.ActionExecutionWorker.execute(ActionExecutionWorker.java:56)
	at org.gradle.process.internal.worker.child.SystemApplicationClassLoaderWorker.call(SystemApplicationClassLoaderWorker.java:133)
	at org.gradle.process.internal.worker.child.SystemApplicationClassLoaderWorker.call(SystemApplicationClassLoaderWorker.java:71)
	at app//worker.org.gradle.process.internal.worker.GradleWorkerMain.run(GradleWorkerMain.java:69)
	at app//worker.org.gradle.process.internal.worker.GradleWorkerMain.main(GradleWorkerMain.java:74)
</failure>
  </testcase>
  <testcase name="testYordleToString()" classname="fr.univ_amu.fr.TestApp" time="0.001"/>
  <testcase name="testTri()" classname="fr.univ_amu.fr.TestApp" time="0.0"/>
  <testcase name="testEruditToString()" classname="fr.univ_amu.fr.TestApp" time="0.001"/>
  <testcase name="testAchat()" classname="fr.univ_amu.fr.TestApp" time="0.003"/>
  <testcase name="testInitJoueur()" classname="fr.univ_amu.fr.TestApp" time="0.0"/>
  <testcase name="testSniperToString()" classname="fr.univ_amu.fr.TestApp" time="0.001"/>
  <testcase name="testPaquetRareteRare()" classname="fr.univ_amu.fr.TestApp" time="0.0">
    <failure message="org.opentest4j.AssertionFailedError: expected: &lt;[Assassin{rarete=RARE, nom=Fred, pointsAttaque=2, pointsDefense=30, pointsVie=50}, Assassin{rarete=RARE, nom=Moha, pointsAttaque=2, pointsDefense=30, pointsVie=40}]&gt; but was: &lt;[Mage{rarete=RARE, nom=Michel, pointsAttaque=2, pointsDefense=30, pointsVie=50}, Sniper{rarete=RARE, nom=Si, pointsAttaque=2, pointsDefense=30, pointsVie=40}, Mage{rarete=RARE, nom=Michel, pointsAttaque=2, pointsDefense=30, pointsVie=50}, Sniper{rarete=RARE, nom=Si, pointsAttaque=2, pointsDefense=30, pointsVie=40}, Yordle{rarete=RARE, nom=Fred, pointsAttaque=2, pointsDefense=30, pointsVie=50}, Assassin{rarete=RARE, nom=Michel, pointsAttaque=2, pointsDefense=30, pointsVie=50}, Assassin{rarete=RARE, nom=Simon2, pointsAttaque=2, pointsDefense=30, pointsVie=40}, Erudit{rarete=RARE, nom=Fred, pointsAttaque=2, pointsDefense=30, pointsVie=50}, Mage{rarete=RARE, nom=Michel, pointsAttaque=2, pointsDefense=30, pointsVie=50}, Sniper{rarete=RARE, nom=Si, pointsAttaque=2, pointsDefense=30, pointsVie=40}, Sniper{rarete=RARE, nom=Fred, pointsAttaque=2, pointsDefense=30, pointsVie=50}, Assassin{rarete=RARE, nom=Fred, pointsAttaque=2, pointsDefense=30, pointsVie=50}, Assassin{rarete=RARE, nom=Moha, pointsAttaque=2, pointsDefense=30, pointsVie=40}]&gt;" type="org.opentest4j.AssertionFailedError">org.opentest4j.AssertionFailedError: expected: &lt;[Assassin{rarete=RARE, nom=Fred, pointsAttaque=2, pointsDefense=30, pointsVie=50}, Assassin{rarete=RARE, nom=Moha, pointsAttaque=2, pointsDefense=30, pointsVie=40}]&gt; but was: &lt;[Mage{rarete=RARE, nom=Michel, pointsAttaque=2, pointsDefense=30, pointsVie=50}, Sniper{rarete=RARE, nom=Si, pointsAttaque=2, pointsDefense=30, pointsVie=40}, Mage{rarete=RARE, nom=Michel, pointsAttaque=2, pointsDefense=30, pointsVie=50}, Sniper{rarete=RARE, nom=Si, pointsAttaque=2, pointsDefense=30, pointsVie=40}, Yordle{rarete=RARE, nom=Fred, pointsAttaque=2, pointsDefense=30, pointsVie=50}, Assassin{rarete=RARE, nom=Michel, pointsAttaque=2, pointsDefense=30, pointsVie=50}, Assassin{rarete=RARE, nom=Simon2, pointsAttaque=2, pointsDefense=30, pointsVie=40}, Erudit{rarete=RARE, nom=Fred, pointsAttaque=2, pointsDefense=30, pointsVie=50}, Mage{rarete=RARE, nom=Michel, pointsAttaque=2, pointsDefense=30, pointsVie=50}, Sniper{rarete=RARE, nom=Si, pointsAttaque=2, pointsDefense=30, pointsVie=40}, Sniper{rarete=RARE, nom=Fred, pointsAttaque=2, pointsDefense=30, pointsVie=50}, Assassin{rarete=RARE, nom=Fred, pointsAttaque=2, pointsDefense=30, pointsVie=50}, Assassin{rarete=RARE, nom=Moha, pointsAttaque=2, pointsDefense=30, pointsVie=40}]&gt;
	at app//org.junit.jupiter.api.AssertionUtils.fail(AssertionUtils.java:55)
	at app//org.junit.jupiter.api.AssertionUtils.failNotEqual(AssertionUtils.java:62)
	at app//org.junit.jupiter.api.AssertEquals.assertEquals(AssertEquals.java:182)
	at app//org.junit.jupiter.api.AssertEquals.assertEquals(AssertEquals.java:177)
	at app//org.junit.jupiter.api.Assertions.assertEquals(Assertions.java:1141)
	at app//fr.univ_amu.fr.TestApp.testPaquetRareteRare(TestApp.java:84)
	at java.base@17.0.5/jdk.internal.reflect.NativeMethodAccessorImpl.invoke0(Native Method)
	at java.base@17.0.5/jdk.internal.reflect.NativeMethodAccessorImpl.invoke(NativeMethodAccessorImpl.java:77)
	at java.base@17.0.5/jdk.internal.reflect.DelegatingMethodAccessorImpl.invoke(DelegatingMethodAccessorImpl.java:43)
	at java.base@17.0.5/java.lang.reflect.Method.invoke(Method.java:568)
	at app//org.junit.platform.commons.util.ReflectionUtils.invokeMethod(ReflectionUtils.java:725)
	at app//org.junit.jupiter.engine.execution.MethodInvocation.proceed(MethodInvocation.java:60)
	at app//org.junit.jupiter.engine.execution.InvocationInterceptorChain$ValidatingInvocation.proceed(InvocationInterceptorChain.java:131)
	at app//org.junit.jupiter.engine.extension.TimeoutExtension.intercept(TimeoutExtension.java:149)
	at app//org.junit.jupiter.engine.extension.TimeoutExtension.interceptTestableMethod(TimeoutExtension.java:140)
	at app//org.junit.jupiter.engine.extension.TimeoutExtension.interceptTestMethod(TimeoutExtension.java:84)
	at app//org.junit.jupiter.engine.execution.ExecutableInvoker$ReflectiveInterceptorCall.lambda$ofVoidMethod$0(ExecutableInvoker.java:115)
	at app//org.junit.jupiter.engine.execution.ExecutableInvoker.lambda$invoke$0(ExecutableInvoker.java:105)
	at app//org.junit.jupiter.engine.execution.InvocationInterceptorChain$InterceptedInvocation.proceed(InvocationInterceptorChain.java:106)
	at app//org.junit.jupiter.engine.execution.InvocationInterceptorChain.proceed(InvocationInterceptorChain.java:64)
	at app//org.junit.jupiter.engine.execution.InvocationInterceptorChain.chainAndInvoke(InvocationInterceptorChain.java:45)
	at app//org.junit.jupiter.engine.execution.InvocationInterceptorChain.invoke(InvocationInterceptorChain.java:37)
	at app//org.junit.jupiter.engine.execution.ExecutableInvoker.invoke(ExecutableInvoker.java:104)
	at app//org.junit.jupiter.engine.execution.ExecutableInvoker.invoke(ExecutableInvoker.java:98)
	at app//org.junit.jupiter.engine.descriptor.TestMethodTestDescriptor.lambda$invokeTestMethod$7(TestMethodTestDescriptor.java:214)
	at app//org.junit.platform.engine.support.hierarchical.ThrowableCollector.execute(ThrowableCollector.java:73)
	at app//org.junit.jupiter.engine.descriptor.TestMethodTestDescriptor.invokeTestMethod(TestMethodTestDescriptor.java:210)
	at app//org.junit.jupiter.engine.descriptor.TestMethodTestDescriptor.execute(TestMethodTestDescriptor.java:135)
	at app//org.junit.jupiter.engine.descriptor.TestMethodTestDescriptor.execute(TestMethodTestDescriptor.java:66)
	at app//org.junit.platform.engine.support.hierarchical.NodeTestTask.lambda$executeRecursively$6(NodeTestTask.java:151)
	at app//org.junit.platform.engine.support.hierarchical.ThrowableCollector.execute(ThrowableCollector.java:73)
	at app//org.junit.platform.engine.support.hierarchical.NodeTestTask.lambda$executeRecursively$8(NodeTestTask.java:141)
	at app//org.junit.platform.engine.support.hierarchical.Node.around(Node.java:137)
	at app//org.junit.platform.engine.support.hierarchical.NodeTestTask.lambda$executeRecursively$9(NodeTestTask.java:139)
	at app//org.junit.platform.engine.support.hierarchical.ThrowableCollector.execute(ThrowableCollector.java:73)
	at app//org.junit.platform.engine.support.hierarchical.NodeTestTask.executeRecursively(NodeTestTask.java:138)
	at app//org.junit.platform.engine.support.hierarchical.NodeTestTask.execute(NodeTestTask.java:95)
	at java.base@17.0.5/java.util.ArrayList.forEach(ArrayList.java:1511)
	at app//org.junit.platform.engine.support.hierarchical.SameThreadHierarchicalTestExecutorService.invokeAll(SameThreadHierarchicalTestExecutorService.java:41)
	at app//org.junit.platform.engine.support.hierarchical.NodeTestTask.lambda$executeRecursively$6(NodeTestTask.java:155)
	at app//org.junit.platform.engine.support.hierarchical.ThrowableCollector.execute(ThrowableCollector.java:73)
	at app//org.junit.platform.engine.support.hierarchical.NodeTestTask.lambda$executeRecursively$8(NodeTestTask.java:141)
	at app//org.junit.platform.engine.support.hierarchical.Node.around(Node.java:137)
	at app//org.junit.platform.engine.support.hierarchical.NodeTestTask.lambda$executeRecursively$9(NodeTestTask.java:139)
	at app//org.junit.platform.engine.support.hierarchical.ThrowableCollector.execute(ThrowableCollector.java:73)
	at app//org.junit.platform.engine.support.hierarchical.NodeTestTask.executeRecursively(NodeTestTask.java:138)
	at app//org.junit.platform.engine.support.hierarchical.NodeTestTask.execute(NodeTestTask.java:95)
	at java.base@17.0.5/java.util.ArrayList.forEach(ArrayList.java:1511)
	at app//org.junit.platform.engine.support.hierarchical.SameThreadHierarchicalTestExecutorService.invokeAll(SameThreadHierarchicalTestExecutorService.java:41)
	at app//org.junit.platform.engine.support.hierarchical.NodeTestTask.lambda$executeRecursively$6(NodeTestTask.java:155)
	at app//org.junit.platform.engine.support.hierarchical.ThrowableCollector.execute(ThrowableCollector.java:73)
	at app//org.junit.platform.engine.support.hierarchical.NodeTestTask.lambda$executeRecursively$8(NodeTestTask.java:141)
	at app//org.junit.platform.engine.support.hierarchical.Node.around(Node.java:137)
	at app//org.junit.platform.engine.support.hierarchical.NodeTestTask.lambda$executeRecursively$9(NodeTestTask.java:139)
	at app//org.junit.platform.engine.support.hierarchical.ThrowableCollector.execute(ThrowableCollector.java:73)
	at app//org.junit.platform.engine.support.hierarchical.NodeTestTask.executeRecursively(NodeTestTask.java:138)
	at app//org.junit.platform.engine.support.hierarchical.NodeTestTask.execute(NodeTestTask.java:95)
	at app//org.junit.platform.engine.support.hierarchical.SameThreadHierarchicalTestExecutorService.submit(SameThreadHierarchicalTestExecutorService.java:35)
	at app//org.junit.platform.engine.support.hierarchical.HierarchicalTestExecutor.execute(HierarchicalTestExecutor.java:57)
	at app//org.junit.platform.engine.support.hierarchical.HierarchicalTestEngine.execute(HierarchicalTestEngine.java:54)
	at org.junit.platform.launcher.core.EngineExecutionOrchestrator.execute(EngineExecutionOrchestrator.java:108)
	at org.junit.platform.launcher.core.EngineExecutionOrchestrator.execute(EngineExecutionOrchestrator.java:88)
	at org.junit.platform.launcher.core.EngineExecutionOrchestrator.lambda$execute$0(EngineExecutionOrchestrator.java:54)
	at org.junit.platform.launcher.core.EngineExecutionOrchestrator.withInterceptedStreams(EngineExecutionOrchestrator.java:67)
	at org.junit.platform.launcher.core.EngineExecutionOrchestrator.execute(EngineExecutionOrchestrator.java:52)
	at org.junit.platform.launcher.core.DefaultLauncher.execute(DefaultLauncher.java:96)
	at org.junit.platform.launcher.core.DefaultLauncher.execute(DefaultLauncher.java:75)
	at org.gradle.api.internal.tasks.testing.junitplatform.JUnitPlatformTestClassProcessor$CollectAllTestClassesExecutor.processAllTestClasses(JUnitPlatformTestClassProcessor.java:99)
	at org.gradle.api.internal.tasks.testing.junitplatform.JUnitPlatformTestClassProcessor$CollectAllTestClassesExecutor.access$000(JUnitPlatformTestClassProcessor.java:79)
	at org.gradle.api.internal.tasks.testing.junitplatform.JUnitPlatformTestClassProcessor.stop(JUnitPlatformTestClassProcessor.java:75)
	at org.gradle.api.internal.tasks.testing.SuiteTestClassProcessor.stop(SuiteTestClassProcessor.java:61)
	at java.base@17.0.5/jdk.internal.reflect.NativeMethodAccessorImpl.invoke0(Native Method)
	at java.base@17.0.5/jdk.internal.reflect.NativeMethodAccessorImpl.invoke(NativeMethodAccessorImpl.java:77)
	at java.base@17.0.5/jdk.internal.reflect.DelegatingMethodAccessorImpl.invoke(DelegatingMethodAccessorImpl.java:43)
	at java.base@17.0.5/java.lang.reflect.Method.invoke(Method.java:568)
	at org.gradle.internal.dispatch.ReflectionDispatch.dispatch(ReflectionDispatch.java:36)
	at org.gradle.internal.dispatch.ReflectionDispatch.dispatch(ReflectionDispatch.java:24)
	at org.gradle.internal.dispatch.ContextClassLoaderDispatch.dispatch(ContextClassLoaderDispatch.java:33)
	at org.gradle.internal.dispatch.ProxyDispatchAdapter$DispatchingInvocationHandler.invoke(ProxyDispatchAdapter.java:94)
	at jdk.proxy1/jdk.proxy1.$Proxy2.stop(Unknown Source)
	at org.gradle.api.internal.tasks.testing.worker.TestWorker$3.run(TestWorker.java:193)
	at org.gradle.api.internal.tasks.testing.worker.TestWorker.executeAndMaintainThreadName(TestWorker.java:129)
	at org.gradle.api.internal.tasks.testing.worker.TestWorker.execute(TestWorker.java:100)
	at org.gradle.api.internal.tasks.testing.worker.TestWorker.execute(TestWorker.java:60)
	at org.gradle.process.internal.worker.child.ActionExecutionWorker.execute(ActionExecutionWorker.java:56)
	at org.gradle.process.internal.worker.child.SystemApplicationClassLoaderWorker.call(SystemApplicationClassLoaderWorker.java:133)
	at org.gradle.process.internal.worker.child.SystemApplicationClassLoaderWorker.call(SystemApplicationClassLoaderWorker.java:71)
	at app//worker.org.gradle.process.internal.worker.GradleWorkerMain.run(GradleWorkerMain.java:69)
	at app//worker.org.gradle.process.internal.worker.GradleWorkerMain.main(GradleWorkerMain.java:74)
</failure>
  </testcase>
  <testcase name="testMagasin()" classname="fr.univ_amu.fr.TestApp" time="0.001">
    <failure message="org.opentest4j.AssertionFailedError: expected: &lt;[Assassin{rarete=COMMUN, nom=Michou, pointsAttaque=2, pointsDefense=30, pointsVie=10}, Mage{rarete=RARE, nom=Michel, pointsAttaque=2, pointsDefense=30, pointsVie=50}, Assassin{rarete=COMMUN, nom=Michou, pointsAttaque=2, pointsDefense=30, pointsVie=10}, Sniper{rarete=RARE, nom=Si, pointsAttaque=2, pointsDefense=30, pointsVie=40}, Mage{rarete=RARE, nom=Michel, pointsAttaque=2, pointsDefense=30, pointsVie=50}]&gt; but was: &lt;[Assassin{rarete=COMMUN, nom=Michou, pointsAttaque=2, pointsDefense=30, pointsVie=10}, Sniper{rarete=RARE, nom=Si, pointsAttaque=2, pointsDefense=30, pointsVie=40}, Assassin{rarete=COMMUN, nom=Michou, pointsAttaque=2, pointsDefense=30, pointsVie=10}, Sniper{rarete=RARE, nom=Si, pointsAttaque=2, pointsDefense=30, pointsVie=40}, Mage{rarete=RARE, nom=Michel, pointsAttaque=2, pointsDefense=30, pointsVie=50}]&gt;" type="org.opentest4j.AssertionFailedError">org.opentest4j.AssertionFailedError: expected: &lt;[Assassin{rarete=COMMUN, nom=Michou, pointsAttaque=2, pointsDefense=30, pointsVie=10}, Mage{rarete=RARE, nom=Michel, pointsAttaque=2, pointsDefense=30, pointsVie=50}, Assassin{rarete=COMMUN, nom=Michou, pointsAttaque=2, pointsDefense=30, pointsVie=10}, Sniper{rarete=RARE, nom=Si, pointsAttaque=2, pointsDefense=30, pointsVie=40}, Mage{rarete=RARE, nom=Michel, pointsAttaque=2, pointsDefense=30, pointsVie=50}]&gt; but was: &lt;[Assassin{rarete=COMMUN, nom=Michou, pointsAttaque=2, pointsDefense=30, pointsVie=10}, Sniper{rarete=RARE, nom=Si, pointsAttaque=2, pointsDefense=30, pointsVie=40}, Assassin{rarete=COMMUN, nom=Michou, pointsAttaque=2, pointsDefense=30, pointsVie=10}, Sniper{rarete=RARE, nom=Si, pointsAttaque=2, pointsDefense=30, pointsVie=40}, Mage{rarete=RARE, nom=Michel, pointsAttaque=2, pointsDefense=30, pointsVie=50}]&gt;
	at app//org.junit.jupiter.api.AssertionUtils.fail(AssertionUtils.java:55)
	at app//org.junit.jupiter.api.AssertionUtils.failNotEqual(AssertionUtils.java:62)
	at app//org.junit.jupiter.api.AssertEquals.assertEquals(AssertEquals.java:182)
	at app//org.junit.jupiter.api.AssertEquals.assertEquals(AssertEquals.java:177)
	at app//org.junit.jupiter.api.Assertions.assertEquals(Assertions.java:1141)
	at app//fr.univ_amu.fr.TestApp.testMagasin(TestApp.java:126)
	at java.base@17.0.5/jdk.internal.reflect.NativeMethodAccessorImpl.invoke0(Native Method)
	at java.base@17.0.5/jdk.internal.reflect.NativeMethodAccessorImpl.invoke(NativeMethodAccessorImpl.java:77)
	at java.base@17.0.5/jdk.internal.reflect.DelegatingMethodAccessorImpl.invoke(DelegatingMethodAccessorImpl.java:43)
	at java.base@17.0.5/java.lang.reflect.Method.invoke(Method.java:568)
	at app//org.junit.platform.commons.util.ReflectionUtils.invokeMethod(ReflectionUtils.java:725)
	at app//org.junit.jupiter.engine.execution.MethodInvocation.proceed(MethodInvocation.java:60)
	at app//org.junit.jupiter.engine.execution.InvocationInterceptorChain$ValidatingInvocation.proceed(InvocationInterceptorChain.java:131)
	at app//org.junit.jupiter.engine.extension.TimeoutExtension.intercept(TimeoutExtension.java:149)
	at app//org.junit.jupiter.engine.extension.TimeoutExtension.interceptTestableMethod(TimeoutExtension.java:140)
	at app//org.junit.jupiter.engine.extension.TimeoutExtension.interceptTestMethod(TimeoutExtension.java:84)
	at app//org.junit.jupiter.engine.execution.ExecutableInvoker$ReflectiveInterceptorCall.lambda$ofVoidMethod$0(ExecutableInvoker.java:115)
	at app//org.junit.jupiter.engine.execution.ExecutableInvoker.lambda$invoke$0(ExecutableInvoker.java:105)
	at app//org.junit.jupiter.engine.execution.InvocationInterceptorChain$InterceptedInvocation.proceed(InvocationInterceptorChain.java:106)
	at app//org.junit.jupiter.engine.execution.InvocationInterceptorChain.proceed(InvocationInterceptorChain.java:64)
	at app//org.junit.jupiter.engine.execution.InvocationInterceptorChain.chainAndInvoke(InvocationInterceptorChain.java:45)
	at app//org.junit.jupiter.engine.execution.InvocationInterceptorChain.invoke(InvocationInterceptorChain.java:37)
	at app//org.junit.jupiter.engine.execution.ExecutableInvoker.invoke(ExecutableInvoker.java:104)
	at app//org.junit.jupiter.engine.execution.ExecutableInvoker.invoke(ExecutableInvoker.java:98)
	at app//org.junit.jupiter.engine.descriptor.TestMethodTestDescriptor.lambda$invokeTestMethod$7(TestMethodTestDescriptor.java:214)
	at app//org.junit.platform.engine.support.hierarchical.ThrowableCollector.execute(ThrowableCollector.java:73)
	at app//org.junit.jupiter.engine.descriptor.TestMethodTestDescriptor.invokeTestMethod(TestMethodTestDescriptor.java:210)
	at app//org.junit.jupiter.engine.descriptor.TestMethodTestDescriptor.execute(TestMethodTestDescriptor.java:135)
	at app//org.junit.jupiter.engine.descriptor.TestMethodTestDescriptor.execute(TestMethodTestDescriptor.java:66)
	at app//org.junit.platform.engine.support.hierarchical.NodeTestTask.lambda$executeRecursively$6(NodeTestTask.java:151)
	at app//org.junit.platform.engine.support.hierarchical.ThrowableCollector.execute(ThrowableCollector.java:73)
	at app//org.junit.platform.engine.support.hierarchical.NodeTestTask.lambda$executeRecursively$8(NodeTestTask.java:141)
	at app//org.junit.platform.engine.support.hierarchical.Node.around(Node.java:137)
	at app//org.junit.platform.engine.support.hierarchical.NodeTestTask.lambda$executeRecursively$9(NodeTestTask.java:139)
	at app//org.junit.platform.engine.support.hierarchical.ThrowableCollector.execute(ThrowableCollector.java:73)
	at app//org.junit.platform.engine.support.hierarchical.NodeTestTask.executeRecursively(NodeTestTask.java:138)
	at app//org.junit.platform.engine.support.hierarchical.NodeTestTask.execute(NodeTestTask.java:95)
	at java.base@17.0.5/java.util.ArrayList.forEach(ArrayList.java:1511)
	at app//org.junit.platform.engine.support.hierarchical.SameThreadHierarchicalTestExecutorService.invokeAll(SameThreadHierarchicalTestExecutorService.java:41)
	at app//org.junit.platform.engine.support.hierarchical.NodeTestTask.lambda$executeRecursively$6(NodeTestTask.java:155)
	at app//org.junit.platform.engine.support.hierarchical.ThrowableCollector.execute(ThrowableCollector.java:73)
	at app//org.junit.platform.engine.support.hierarchical.NodeTestTask.lambda$executeRecursively$8(NodeTestTask.java:141)
	at app//org.junit.platform.engine.support.hierarchical.Node.around(Node.java:137)
	at app//org.junit.platform.engine.support.hierarchical.NodeTestTask.lambda$executeRecursively$9(NodeTestTask.java:139)
	at app//org.junit.platform.engine.support.hierarchical.ThrowableCollector.execute(ThrowableCollector.java:73)
	at app//org.junit.platform.engine.support.hierarchical.NodeTestTask.executeRecursively(NodeTestTask.java:138)
	at app//org.junit.platform.engine.support.hierarchical.NodeTestTask.execute(NodeTestTask.java:95)
	at java.base@17.0.5/java.util.ArrayList.forEach(ArrayList.java:1511)
	at app//org.junit.platform.engine.support.hierarchical.SameThreadHierarchicalTestExecutorService.invokeAll(SameThreadHierarchicalTestExecutorService.java:41)
	at app//org.junit.platform.engine.support.hierarchical.NodeTestTask.lambda$executeRecursively$6(NodeTestTask.java:155)
	at app//org.junit.platform.engine.support.hierarchical.ThrowableCollector.execute(ThrowableCollector.java:73)
	at app//org.junit.platform.engine.support.hierarchical.NodeTestTask.lambda$executeRecursively$8(NodeTestTask.java:141)
	at app//org.junit.platform.engine.support.hierarchical.Node.around(Node.java:137)
	at app//org.junit.platform.engine.support.hierarchical.NodeTestTask.lambda$executeRecursively$9(NodeTestTask.java:139)
	at app//org.junit.platform.engine.support.hierarchical.ThrowableCollector.execute(ThrowableCollector.java:73)
	at app//org.junit.platform.engine.support.hierarchical.NodeTestTask.executeRecursively(NodeTestTask.java:138)
	at app//org.junit.platform.engine.support.hierarchical.NodeTestTask.execute(NodeTestTask.java:95)
	at app//org.junit.platform.engine.support.hierarchical.SameThreadHierarchicalTestExecutorService.submit(SameThreadHierarchicalTestExecutorService.java:35)
	at app//org.junit.platform.engine.support.hierarchical.HierarchicalTestExecutor.execute(HierarchicalTestExecutor.java:57)
	at app//org.junit.platform.engine.support.hierarchical.HierarchicalTestEngine.execute(HierarchicalTestEngine.java:54)
	at org.junit.platform.launcher.core.EngineExecutionOrchestrator.execute(EngineExecutionOrchestrator.java:108)
	at org.junit.platform.launcher.core.EngineExecutionOrchestrator.execute(EngineExecutionOrchestrator.java:88)
	at org.junit.platform.launcher.core.EngineExecutionOrchestrator.lambda$execute$0(EngineExecutionOrchestrator.java:54)
	at org.junit.platform.launcher.core.EngineExecutionOrchestrator.withInterceptedStreams(EngineExecutionOrchestrator.java:67)
	at org.junit.platform.launcher.core.EngineExecutionOrchestrator.execute(EngineExecutionOrchestrator.java:52)
	at org.junit.platform.launcher.core.DefaultLauncher.execute(DefaultLauncher.java:96)
	at org.junit.platform.launcher.core.DefaultLauncher.execute(DefaultLauncher.java:75)
	at org.gradle.api.internal.tasks.testing.junitplatform.JUnitPlatformTestClassProcessor$CollectAllTestClassesExecutor.processAllTestClasses(JUnitPlatformTestClassProcessor.java:99)
	at org.gradle.api.internal.tasks.testing.junitplatform.JUnitPlatformTestClassProcessor$CollectAllTestClassesExecutor.access$000(JUnitPlatformTestClassProcessor.java:79)
	at org.gradle.api.internal.tasks.testing.junitplatform.JUnitPlatformTestClassProcessor.stop(JUnitPlatformTestClassProcessor.java:75)
	at org.gradle.api.internal.tasks.testing.SuiteTestClassProcessor.stop(SuiteTestClassProcessor.java:61)
	at java.base@17.0.5/jdk.internal.reflect.NativeMethodAccessorImpl.invoke0(Native Method)
	at java.base@17.0.5/jdk.internal.reflect.NativeMethodAccessorImpl.invoke(NativeMethodAccessorImpl.java:77)
	at java.base@17.0.5/jdk.internal.reflect.DelegatingMethodAccessorImpl.invoke(DelegatingMethodAccessorImpl.java:43)
	at java.base@17.0.5/java.lang.reflect.Method.invoke(Method.java:568)
	at org.gradle.internal.dispatch.ReflectionDispatch.dispatch(ReflectionDispatch.java:36)
	at org.gradle.internal.dispatch.ReflectionDispatch.dispatch(ReflectionDispatch.java:24)
	at org.gradle.internal.dispatch.ContextClassLoaderDispatch.dispatch(ContextClassLoaderDispatch.java:33)
	at org.gradle.internal.dispatch.ProxyDispatchAdapter$DispatchingInvocationHandler.invoke(ProxyDispatchAdapter.java:94)
	at jdk.proxy1/jdk.proxy1.$Proxy2.stop(Unknown Source)
	at org.gradle.api.internal.tasks.testing.worker.TestWorker$3.run(TestWorker.java:193)
	at org.gradle.api.internal.tasks.testing.worker.TestWorker.executeAndMaintainThreadName(TestWorker.java:129)
	at org.gradle.api.internal.tasks.testing.worker.TestWorker.execute(TestWorker.java:100)
	at org.gradle.api.internal.tasks.testing.worker.TestWorker.execute(TestWorker.java:60)
	at org.gradle.process.internal.worker.child.ActionExecutionWorker.execute(ActionExecutionWorker.java:56)
	at org.gradle.process.internal.worker.child.SystemApplicationClassLoaderWorker.call(SystemApplicationClassLoaderWorker.java:133)
	at org.gradle.process.internal.worker.child.SystemApplicationClassLoaderWorker.call(SystemApplicationClassLoaderWorker.java:71)
	at app//worker.org.gradle.process.internal.worker.GradleWorkerMain.run(GradleWorkerMain.java:69)
	at app//worker.org.gradle.process.internal.worker.GradleWorkerMain.main(GradleWorkerMain.java:74)
</failure>
  </testcase>
  <testcase name="testAssassinToString()" classname="fr.univ_amu.fr.TestApp" time="0.0"/>
  <testcase name="testMageToString()" classname="fr.univ_amu.fr.TestApp" time="0.001"/>
  <testcase name="testPaquet()" classname="fr.univ_amu.fr.TestApp" time="0.001">
    <failure message="org.opentest4j.AssertionFailedError: expected: &lt;[Assassin{rarete=LEGENDAIRE, nom=Fred, pointsAttaque=2, pointsDefense=30, pointsVie=50}, Assassin{rarete=RARE, nom=Moha, pointsAttaque=2, pointsDefense=30, pointsVie=40}]&gt; but was: &lt;[Assassin{rarete=COMMUN, nom=Luca, pointsAttaque=2, pointsDefense=30, pointsVie=10}, Assassin{rarete=COMMUN, nom=Michou, pointsAttaque=2, pointsDefense=30, pointsVie=10}, Mage{rarete=RARE, nom=Michel, pointsAttaque=2, pointsDefense=30, pointsVie=50}, Assassin{rarete=LEGENDAIRE, nom=Simon, pointsAttaque=2, pointsDefense=30, pointsVie=100}, Sniper{rarete=RARE, nom=Si, pointsAttaque=2, pointsDefense=30, pointsVie=40}, Yordle{rarete=LEGENDAIRE, nom=Fred, pointsAttaque=2, pointsDefense=30, pointsVie=50}, Assassin{rarete=COMMUN, nom=Michou, pointsAttaque=2, pointsDefense=30, pointsVie=10}, Mage{rarete=RARE, nom=Michel, pointsAttaque=2, pointsDefense=30, pointsVie=50}, Assassin{rarete=LEGENDAIRE, nom=Simon, pointsAttaque=2, pointsDefense=30, pointsVie=100}, Sniper{rarete=RARE, nom=Si, pointsAttaque=2, pointsDefense=30, pointsVie=40}, Yordle{rarete=LEGENDAIRE, nom=Fred, pointsAttaque=2, pointsDefense=30, pointsVie=50}, Assassin{rarete=LEGENDAIRE, nom=Fred, pointsAttaque=2, pointsDefense=30, pointsVie=50}, Assassin{rarete=LEGENDAIRE, nom=Moha, pointsAttaque=2, pointsDefense=30, pointsVie=40}, Yordle{rarete=RARE, nom=Fred, pointsAttaque=2, pointsDefense=30, pointsVie=50}, Assassin{rarete=COMMUN, nom=Michou, pointsAttaque=2, pointsDefense=30, pointsVie=10}, Assassin{rarete=RARE, nom=Michel, pointsAttaque=2, pointsDefense=30, pointsVie=50}, Assassin{rarete=LEGENDAIRE, nom=Simon, pointsAttaque=2, pointsDefense=30, pointsVie=100}, Assassin{rarete=RARE, nom=Simon2, pointsAttaque=2, pointsDefense=30, pointsVie=40}, Erudit{rarete=RARE, nom=Fred, pointsAttaque=2, pointsDefense=30, pointsVie=50}, Assassin{rarete=COMMUN, nom=Michou, pointsAttaque=2, pointsDefense=30, pointsVie=10}, Mage{rarete=RARE, nom=Michel, pointsAttaque=2, pointsDefense=30, pointsVie=50}, Assassin{rarete=LEGENDAIRE, nom=Simon, pointsAttaque=2, pointsDefense=30, pointsVie=100}, Sniper{rarete=RARE, nom=Si, pointsAttaque=2, pointsDefense=30, pointsVie=40}, Yordle{rarete=LEGENDAIRE, nom=Fred, pointsAttaque=2, pointsDefense=30, pointsVie=50}, Sniper{rarete=RARE, nom=Fred, pointsAttaque=2, pointsDefense=30, pointsVie=50}, Assassin{rarete=RARE, nom=Fred, pointsAttaque=2, pointsDefense=30, pointsVie=50}, Assassin{rarete=RARE, nom=Moha, pointsAttaque=2, pointsDefense=30, pointsVie=40}, Assassin{rarete=COMMUN, nom=Michou, pointsAttaque=2, pointsDefense=30, pointsVie=10}, Mage{rarete=RARE, nom=Michel, pointsAttaque=2, pointsDefense=30, pointsVie=50}, Assassin{rarete=LEGENDAIRE, nom=Simon, pointsAttaque=2, pointsDefense=30, pointsVie=100}, Sniper{rarete=RARE, nom=Si, pointsAttaque=2, pointsDefense=30, pointsVie=40}, Yordle{rarete=LEGENDAIRE, nom=Fred, pointsAttaque=2, pointsDefense=30, pointsVie=50}, Assassin{rarete=RARE, nom=Fred, pointsAttaque=2, pointsDefense=30, pointsVie=50}, Mage{rarete=RARE, nom=Fred, pointsAttaque=2, pointsDefense=30, pointsVie=50}, Assassin{rarete=LEGENDAIRE, nom=Fred, pointsAttaque=2, pointsDefense=30, pointsVie=50}, Assassin{rarete=RARE, nom=Moha, pointsAttaque=2, pointsDefense=30, pointsVie=40}]&gt;" type="org.opentest4j.AssertionFailedError">org.opentest4j.AssertionFailedError: expected: &lt;[Assassin{rarete=LEGENDAIRE, nom=Fred, pointsAttaque=2, pointsDefense=30, pointsVie=50}, Assassin{rarete=RARE, nom=Moha, pointsAttaque=2, pointsDefense=30, pointsVie=40}]&gt; but was: &lt;[Assassin{rarete=COMMUN, nom=Luca, pointsAttaque=2, pointsDefense=30, pointsVie=10}, Assassin{rarete=COMMUN, nom=Michou, pointsAttaque=2, pointsDefense=30, pointsVie=10}, Mage{rarete=RARE, nom=Michel, pointsAttaque=2, pointsDefense=30, pointsVie=50}, Assassin{rarete=LEGENDAIRE, nom=Simon, pointsAttaque=2, pointsDefense=30, pointsVie=100}, Sniper{rarete=RARE, nom=Si, pointsAttaque=2, pointsDefense=30, pointsVie=40}, Yordle{rarete=LEGENDAIRE, nom=Fred, pointsAttaque=2, pointsDefense=30, pointsVie=50}, Assassin{rarete=COMMUN, nom=Michou, pointsAttaque=2, pointsDefense=30, pointsVie=10}, Mage{rarete=RARE, nom=Michel, pointsAttaque=2, pointsDefense=30, pointsVie=50}, Assassin{rarete=LEGENDAIRE, nom=Simon, pointsAttaque=2, pointsDefense=30, pointsVie=100}, Sniper{rarete=RARE, nom=Si, pointsAttaque=2, pointsDefense=30, pointsVie=40}, Yordle{rarete=LEGENDAIRE, nom=Fred, pointsAttaque=2, pointsDefense=30, pointsVie=50}, Assassin{rarete=LEGENDAIRE, nom=Fred, pointsAttaque=2, pointsDefense=30, pointsVie=50}, Assassin{rarete=LEGENDAIRE, nom=Moha, pointsAttaque=2, pointsDefense=30, pointsVie=40}, Yordle{rarete=RARE, nom=Fred, pointsAttaque=2, pointsDefense=30, pointsVie=50}, Assassin{rarete=COMMUN, nom=Michou, pointsAttaque=2, pointsDefense=30, pointsVie=10}, Assassin{rarete=RARE, nom=Michel, pointsAttaque=2, pointsDefense=30, pointsVie=50}, Assassin{rarete=LEGENDAIRE, nom=Simon, pointsAttaque=2, pointsDefense=30, pointsVie=100}, Assassin{rarete=RARE, nom=Simon2, pointsAttaque=2, pointsDefense=30, pointsVie=40}, Erudit{rarete=RARE, nom=Fred, pointsAttaque=2, pointsDefense=30, pointsVie=50}, Assassin{rarete=COMMUN, nom=Michou, pointsAttaque=2, pointsDefense=30, pointsVie=10}, Mage{rarete=RARE, nom=Michel, pointsAttaque=2, pointsDefense=30, pointsVie=50}, Assassin{rarete=LEGENDAIRE, nom=Simon, pointsAttaque=2, pointsDefense=30, pointsVie=100}, Sniper{rarete=RARE, nom=Si, pointsAttaque=2, pointsDefense=30, pointsVie=40}, Yordle{rarete=LEGENDAIRE, nom=Fred, pointsAttaque=2, pointsDefense=30, pointsVie=50}, Sniper{rarete=RARE, nom=Fred, pointsAttaque=2, pointsDefense=30, pointsVie=50}, Assassin{rarete=RARE, nom=Fred, pointsAttaque=2, pointsDefense=30, pointsVie=50}, Assassin{rarete=RARE, nom=Moha, pointsAttaque=2, pointsDefense=30, pointsVie=40}, Assassin{rarete=COMMUN, nom=Michou, pointsAttaque=2, pointsDefense=30, pointsVie=10}, Mage{rarete=RARE, nom=Michel, pointsAttaque=2, pointsDefense=30, pointsVie=50}, Assassin{rarete=LEGENDAIRE, nom=Simon, pointsAttaque=2, pointsDefense=30, pointsVie=100}, Sniper{rarete=RARE, nom=Si, pointsAttaque=2, pointsDefense=30, pointsVie=40}, Yordle{rarete=LEGENDAIRE, nom=Fred, pointsAttaque=2, pointsDefense=30, pointsVie=50}, Assassin{rarete=RARE, nom=Fred, pointsAttaque=2, pointsDefense=30, pointsVie=50}, Mage{rarete=RARE, nom=Fred, pointsAttaque=2, pointsDefense=30, pointsVie=50}, Assassin{rarete=LEGENDAIRE, nom=Fred, pointsAttaque=2, pointsDefense=30, pointsVie=50}, Assassin{rarete=RARE, nom=Moha, pointsAttaque=2, pointsDefense=30, pointsVie=40}]&gt;
	at app//org.junit.jupiter.api.AssertionUtils.fail(AssertionUtils.java:55)
	at app//org.junit.jupiter.api.AssertionUtils.failNotEqual(AssertionUtils.java:62)
	at app//org.junit.jupiter.api.AssertEquals.assertEquals(AssertEquals.java:182)
	at app//org.junit.jupiter.api.AssertEquals.assertEquals(AssertEquals.java:177)
	at app//org.junit.jupiter.api.Assertions.assertEquals(Assertions.java:1141)
	at app//fr.univ_amu.fr.TestApp.testPaquet(TestApp.java:110)
	at java.base@17.0.5/jdk.internal.reflect.NativeMethodAccessorImpl.invoke0(Native Method)
	at java.base@17.0.5/jdk.internal.reflect.NativeMethodAccessorImpl.invoke(NativeMethodAccessorImpl.java:77)
	at java.base@17.0.5/jdk.internal.reflect.DelegatingMethodAccessorImpl.invoke(DelegatingMethodAccessorImpl.java:43)
	at java.base@17.0.5/java.lang.reflect.Method.invoke(Method.java:568)
	at app//org.junit.platform.commons.util.ReflectionUtils.invokeMethod(ReflectionUtils.java:725)
	at app//org.junit.jupiter.engine.execution.MethodInvocation.proceed(MethodInvocation.java:60)
	at app//org.junit.jupiter.engine.execution.InvocationInterceptorChain$ValidatingInvocation.proceed(InvocationInterceptorChain.java:131)
	at app//org.junit.jupiter.engine.extension.TimeoutExtension.intercept(TimeoutExtension.java:149)
	at app//org.junit.jupiter.engine.extension.TimeoutExtension.interceptTestableMethod(TimeoutExtension.java:140)
	at app//org.junit.jupiter.engine.extension.TimeoutExtension.interceptTestMethod(TimeoutExtension.java:84)
	at app//org.junit.jupiter.engine.execution.ExecutableInvoker$ReflectiveInterceptorCall.lambda$ofVoidMethod$0(ExecutableInvoker.java:115)
	at app//org.junit.jupiter.engine.execution.ExecutableInvoker.lambda$invoke$0(ExecutableInvoker.java:105)
	at app//org.junit.jupiter.engine.execution.InvocationInterceptorChain$InterceptedInvocation.proceed(InvocationInterceptorChain.java:106)
	at app//org.junit.jupiter.engine.execution.InvocationInterceptorChain.proceed(InvocationInterceptorChain.java:64)
	at app//org.junit.jupiter.engine.execution.InvocationInterceptorChain.chainAndInvoke(InvocationInterceptorChain.java:45)
	at app//org.junit.jupiter.engine.execution.InvocationInterceptorChain.invoke(InvocationInterceptorChain.java:37)
	at app//org.junit.jupiter.engine.execution.ExecutableInvoker.invoke(ExecutableInvoker.java:104)
	at app//org.junit.jupiter.engine.execution.ExecutableInvoker.invoke(ExecutableInvoker.java:98)
	at app//org.junit.jupiter.engine.descriptor.TestMethodTestDescriptor.lambda$invokeTestMethod$7(TestMethodTestDescriptor.java:214)
	at app//org.junit.platform.engine.support.hierarchical.ThrowableCollector.execute(ThrowableCollector.java:73)
	at app//org.junit.jupiter.engine.descriptor.TestMethodTestDescriptor.invokeTestMethod(TestMethodTestDescriptor.java:210)
	at app//org.junit.jupiter.engine.descriptor.TestMethodTestDescriptor.execute(TestMethodTestDescriptor.java:135)
	at app//org.junit.jupiter.engine.descriptor.TestMethodTestDescriptor.execute(TestMethodTestDescriptor.java:66)
	at app//org.junit.platform.engine.support.hierarchical.NodeTestTask.lambda$executeRecursively$6(NodeTestTask.java:151)
	at app//org.junit.platform.engine.support.hierarchical.ThrowableCollector.execute(ThrowableCollector.java:73)
	at app//org.junit.platform.engine.support.hierarchical.NodeTestTask.lambda$executeRecursively$8(NodeTestTask.java:141)
	at app//org.junit.platform.engine.support.hierarchical.Node.around(Node.java:137)
	at app//org.junit.platform.engine.support.hierarchical.NodeTestTask.lambda$executeRecursively$9(NodeTestTask.java:139)
	at app//org.junit.platform.engine.support.hierarchical.ThrowableCollector.execute(ThrowableCollector.java:73)
	at app//org.junit.platform.engine.support.hierarchical.NodeTestTask.executeRecursively(NodeTestTask.java:138)
	at app//org.junit.platform.engine.support.hierarchical.NodeTestTask.execute(NodeTestTask.java:95)
	at java.base@17.0.5/java.util.ArrayList.forEach(ArrayList.java:1511)
	at app//org.junit.platform.engine.support.hierarchical.SameThreadHierarchicalTestExecutorService.invokeAll(SameThreadHierarchicalTestExecutorService.java:41)
	at app//org.junit.platform.engine.support.hierarchical.NodeTestTask.lambda$executeRecursively$6(NodeTestTask.java:155)
	at app//org.junit.platform.engine.support.hierarchical.ThrowableCollector.execute(ThrowableCollector.java:73)
	at app//org.junit.platform.engine.support.hierarchical.NodeTestTask.lambda$executeRecursively$8(NodeTestTask.java:141)
	at app//org.junit.platform.engine.support.hierarchical.Node.around(Node.java:137)
	at app//org.junit.platform.engine.support.hierarchical.NodeTestTask.lambda$executeRecursively$9(NodeTestTask.java:139)
	at app//org.junit.platform.engine.support.hierarchical.ThrowableCollector.execute(ThrowableCollector.java:73)
	at app//org.junit.platform.engine.support.hierarchical.NodeTestTask.executeRecursively(NodeTestTask.java:138)
	at app//org.junit.platform.engine.support.hierarchical.NodeTestTask.execute(NodeTestTask.java:95)
	at java.base@17.0.5/java.util.ArrayList.forEach(ArrayList.java:1511)
	at app//org.junit.platform.engine.support.hierarchical.SameThreadHierarchicalTestExecutorService.invokeAll(SameThreadHierarchicalTestExecutorService.java:41)
	at app//org.junit.platform.engine.support.hierarchical.NodeTestTask.lambda$executeRecursively$6(NodeTestTask.java:155)
	at app//org.junit.platform.engine.support.hierarchical.ThrowableCollector.execute(ThrowableCollector.java:73)
	at app//org.junit.platform.engine.support.hierarchical.NodeTestTask.lambda$executeRecursively$8(NodeTestTask.java:141)
	at app//org.junit.platform.engine.support.hierarchical.Node.around(Node.java:137)
	at app//org.junit.platform.engine.support.hierarchical.NodeTestTask.lambda$executeRecursively$9(NodeTestTask.java:139)
	at app//org.junit.platform.engine.support.hierarchical.ThrowableCollector.execute(ThrowableCollector.java:73)
	at app//org.junit.platform.engine.support.hierarchical.NodeTestTask.executeRecursively(NodeTestTask.java:138)
	at app//org.junit.platform.engine.support.hierarchical.NodeTestTask.execute(NodeTestTask.java:95)
	at app//org.junit.platform.engine.support.hierarchical.SameThreadHierarchicalTestExecutorService.submit(SameThreadHierarchicalTestExecutorService.java:35)
	at app//org.junit.platform.engine.support.hierarchical.HierarchicalTestExecutor.execute(HierarchicalTestExecutor.java:57)
	at app//org.junit.platform.engine.support.hierarchical.HierarchicalTestEngine.execute(HierarchicalTestEngine.java:54)
	at org.junit.platform.launcher.core.EngineExecutionOrchestrator.execute(EngineExecutionOrchestrator.java:108)
	at org.junit.platform.launcher.core.EngineExecutionOrchestrator.execute(EngineExecutionOrchestrator.java:88)
	at org.junit.platform.launcher.core.EngineExecutionOrchestrator.lambda$execute$0(EngineExecutionOrchestrator.java:54)
	at org.junit.platform.launcher.core.EngineExecutionOrchestrator.withInterceptedStreams(EngineExecutionOrchestrator.java:67)
	at org.junit.platform.launcher.core.EngineExecutionOrchestrator.execute(EngineExecutionOrchestrator.java:52)
	at org.junit.platform.launcher.core.DefaultLauncher.execute(DefaultLauncher.java:96)
	at org.junit.platform.launcher.core.DefaultLauncher.execute(DefaultLauncher.java:75)
	at org.gradle.api.internal.tasks.testing.junitplatform.JUnitPlatformTestClassProcessor$CollectAllTestClassesExecutor.processAllTestClasses(JUnitPlatformTestClassProcessor.java:99)
	at org.gradle.api.internal.tasks.testing.junitplatform.JUnitPlatformTestClassProcessor$CollectAllTestClassesExecutor.access$000(JUnitPlatformTestClassProcessor.java:79)
	at org.gradle.api.internal.tasks.testing.junitplatform.JUnitPlatformTestClassProcessor.stop(JUnitPlatformTestClassProcessor.java:75)
	at org.gradle.api.internal.tasks.testing.SuiteTestClassProcessor.stop(SuiteTestClassProcessor.java:61)
	at java.base@17.0.5/jdk.internal.reflect.NativeMethodAccessorImpl.invoke0(Native Method)
	at java.base@17.0.5/jdk.internal.reflect.NativeMethodAccessorImpl.invoke(NativeMethodAccessorImpl.java:77)
	at java.base@17.0.5/jdk.internal.reflect.DelegatingMethodAccessorImpl.invoke(DelegatingMethodAccessorImpl.java:43)
	at java.base@17.0.5/java.lang.reflect.Method.invoke(Method.java:568)
	at org.gradle.internal.dispatch.ReflectionDispatch.dispatch(ReflectionDispatch.java:36)
	at org.gradle.internal.dispatch.ReflectionDispatch.dispatch(ReflectionDispatch.java:24)
	at org.gradle.internal.dispatch.ContextClassLoaderDispatch.dispatch(ContextClassLoaderDispatch.java:33)
	at org.gradle.internal.dispatch.ProxyDispatchAdapter$DispatchingInvocationHandler.invoke(ProxyDispatchAdapter.java:94)
	at jdk.proxy1/jdk.proxy1.$Proxy2.stop(Unknown Source)
	at org.gradle.api.internal.tasks.testing.worker.TestWorker$3.run(TestWorker.java:193)
	at org.gradle.api.internal.tasks.testing.worker.TestWorker.executeAndMaintainThreadName(TestWorker.java:129)
	at org.gradle.api.internal.tasks.testing.worker.TestWorker.execute(TestWorker.java:100)
	at org.gradle.api.internal.tasks.testing.worker.TestWorker.execute(TestWorker.java:60)
	at org.gradle.process.internal.worker.child.ActionExecutionWorker.execute(ActionExecutionWorker.java:56)
	at org.gradle.process.internal.worker.child.SystemApplicationClassLoaderWorker.call(SystemApplicationClassLoaderWorker.java:133)
	at org.gradle.process.internal.worker.child.SystemApplicationClassLoaderWorker.call(SystemApplicationClassLoaderWorker.java:71)
	at app//worker.org.gradle.process.internal.worker.GradleWorkerMain.run(GradleWorkerMain.java:69)
	at app//worker.org.gradle.process.internal.worker.GradleWorkerMain.main(GradleWorkerMain.java:74)
</failure>
  </testcase>
  <system-out><![CDATA[Assassin{rarete=COMMUN, nom=Michou, pointsAttaque=2, pointsDefense=30, pointsVie=10}
]]></system-out>
  <system-err><![CDATA[]]></system-err>
</testsuite>
